<?xml version="1.0" encoding="UTF-8"?>
<!-- Generated by org.testng.reporters.JUnitReportReporter -->
<testsuite hostname="LAPTOP-AH8ETRRP" failures="0" tests="1" name="com.selenium.examples.Project.HomePage" time="16.772" errors="0" timestamp="2020-06-22T15:13:40 IST" skipped="0">
  <testcase classname="com.selenium.examples.Project.HomePage" name="basePageNavigation" time="16.772"/>
  <system-out/>
</testsuite> <!-- com.selenium.examples.Project.HomePage -->
