<?xml version="1.0" encoding="UTF-8"?>
<!-- Generated by org.testng.reporters.JUnitReportReporter -->
<testsuite hostname="LAPTOP-AH8ETRRP" failures="0" tests="1" name="com.selenium.examples.Project.Validation" time="29.451" errors="0" timestamp="2020-06-22T15:13:40 IST" skipped="0">
  <testcase classname="com.selenium.examples.Project.Validation" name="basePageNavigation" time="29.451"/>
  <system-out/>
</testsuite> <!-- com.selenium.examples.Project.Validation -->
